<?xml version="1.0" encoding="UTF-8"?>
<testng-results ignored="0" total="1" passed="1" failed="0" skipped="0">
  <reporter-output>
  </reporter-output>
  <suite started-at="2025-09-09T20:15:16 SGT" name="Default suite" finished-at="2025-09-09T20:15:38 SGT" duration-ms="21862">
    <groups>
    </groups>
    <test started-at="2025-09-09T20:15:16 SGT" name="Default test" finished-at="2025-09-09T20:15:38 SGT" duration-ms="21862">
      <class name="pinkcloud.ExtentReports.ExtentReportTest">
        <test-method is-config="true" signature="config()[pri:0, instance:pinkcloud.ExtentReports.ExtentReportTest@1d9b7cce]" started-at="2025-09-09T20:15:16 SGT" name="config" finished-at="2025-09-09T20:15:17 SGT" duration-ms="358" status="PASS">
          <reporter-output>
          </reporter-output>
        </test-method> <!-- config -->
        <test-method signature="extentReport()[pri:0, instance:pinkcloud.ExtentReports.ExtentReportTest@1d9b7cce]" started-at="2025-09-09T20:15:17 SGT" name="extentReport" finished-at="2025-09-09T20:15:38 SGT" duration-ms="21456" status="PASS">
          <reporter-output>
          </reporter-output>
        </test-method> <!-- extentReport -->
      </class> <!-- pinkcloud.ExtentReports.ExtentReportTest -->
    </test> <!-- Default test -->
  </suite> <!-- Default suite -->
</testng-results>
